<?xml version="1.0" encoding="UTF-8"?>
<testng-results ignored="0" total="2" passed="2" failed="0" skipped="0">
  <reporter-output>
  </reporter-output>
  <suite started-at="2025-05-15T12:30:17 IST" name="Suite" finished-at="2025-05-15T12:30:44 IST" duration-ms="27913">
    <groups>
    </groups>
    <test started-at="2025-05-15T12:30:17 IST" name="Test1" finished-at="2025-05-15T12:30:29 IST" duration-ms="12352">
      <class name="com.framework.DragAndDropTest">
        <test-method is-config="true" signature="setUp(java.lang.String)[pri:0, instance:com.framework.DragAndDropTest@750e2b97]" started-at="2025-05-15T12:30:17 IST" name="setUp" finished-at="2025-05-15T12:30:28 IST" duration-ms="11306" status="PASS">
          <params>
            <param index="0">
              <value>
                <![CDATA[DragNDropUrl]]>
              </value>
            </param>
          </params>
          <reporter-output>
          </reporter-output>
        </test-method> <!-- setUp -->
        <test-method signature="execute()[pri:0, instance:com.framework.DragAndDropTest@750e2b97]" started-at="2025-05-15T12:30:28 IST" name="execute" finished-at="2025-05-15T12:30:29 IST" duration-ms="946" status="PASS">
          <reporter-output>
          </reporter-output>
        </test-method> <!-- execute -->
        <test-method is-config="true" signature="close()[pri:0, instance:com.framework.DragAndDropTest@750e2b97]" started-at="2025-05-15T12:30:29 IST" name="close" finished-at="2025-05-15T12:30:29 IST" duration-ms="24" status="PASS">
          <reporter-output>
          </reporter-output>
        </test-method> <!-- close -->
      </class> <!-- com.framework.DragAndDropTest -->
    </test> <!-- Test1 -->
    <test started-at="2025-05-15T12:30:29 IST" name="Test2" finished-at="2025-05-15T12:30:44 IST" duration-ms="15513">
      <class name="com.framework.Login">
        <test-method is-config="true" signature="setUp(java.lang.String)[pri:0, instance:com.framework.Login@548d708a]" started-at="2025-05-15T12:30:29 IST" name="setUp" finished-at="2025-05-15T12:30:39 IST" duration-ms="9811" status="PASS">
          <params>
            <param index="0">
              <value>
                <![CDATA[LogInUrl]]>
              </value>
            </param>
          </params>
          <reporter-output>
          </reporter-output>
        </test-method> <!-- setUp -->
        <test-method signature="loginTest()[pri:0, instance:com.framework.Login@548d708a]" started-at="2025-05-15T12:30:39 IST" name="loginTest" finished-at="2025-05-15T12:30:44 IST" duration-ms="5668" status="PASS">
          <reporter-output>
          </reporter-output>
        </test-method> <!-- loginTest -->
        <test-method is-config="true" signature="close()[pri:0, instance:com.framework.Login@548d708a]" started-at="2025-05-15T12:30:44 IST" name="close" finished-at="2025-05-15T12:30:44 IST" duration-ms="1" status="PASS">
          <reporter-output>
          </reporter-output>
        </test-method> <!-- close -->
      </class> <!-- com.framework.Login -->
    </test> <!-- Test2 -->
  </suite> <!-- Suite -->
</testng-results>
