<?xml version="1.0" encoding="UTF-8"?>
<testng-results ignored="0" total="1" passed="1" failed="0" skipped="0">
  <reporter-output>
  </reporter-output>
  <suite started-at="2025-05-14T11:49:24 IST" name="Default suite" finished-at="2025-05-14T11:49:34 IST" duration-ms="10197">
    <groups>
    </groups>
    <test started-at="2025-05-14T11:49:24 IST" name="Default test" finished-at="2025-05-14T11:49:34 IST" duration-ms="10197">
      <class name="com.framework.GitTest">
        <test-method signature="setUp()[pri:0, instance:com.framework.GitTest@6bd61f98]" started-at="2025-05-14T11:49:24 IST" name="setUp" finished-at="2025-05-14T11:49:34 IST" duration-ms="10105" status="PASS">
          <reporter-output>
          </reporter-output>
        </test-method> <!-- setUp -->
      </class> <!-- com.framework.GitTest -->
    </test> <!-- Default test -->
  </suite> <!-- Default suite -->
</testng-results>
